::1 - - [16/Oct/2022:17:45:12 +0000] "GET /api/v1/messages HTTP/1.1" 500 102 "-" "PostmanRuntime/7.29.2"
::1 - - [16/Oct/2022:17:46:05 +0000] "GET /api/v1/messages HTTP/1.1" 500 102 "-" "PostmanRuntime/7.29.2"
::1 - - [16/Oct/2022:17:46:37 +0000] "GET /api/v1/messages HTTP/1.1" 500 102 "-" "PostmanRuntime/7.29.2"
::1 - - [16/Oct/2022:17:47:32 +0000] "GET /api/v1/messages HTTP/1.1" 500 102 "-" "PostmanRuntime/7.29.2"
::1 - - [16/Oct/2022:17:49:17 +0000] "GET /api/v1/messages HTTP/1.1" 200 24 "-" "PostmanRuntime/7.29.2"
::1 - - [16/Oct/2022:17:51:25 +0000] "GET /api/v1/messages HTTP/1.1" 200 24 "-" "PostmanRuntime/7.29.2"
::1 - - [16/Oct/2022:17:52:56 +0000] "GET /api/v1/messages HTTP/1.1" 200 24 "-" "PostmanRuntime/7.29.2"
::1 - - [16/Oct/2022:17:53:05 +0000] "POST /api/v1/messages HTTP/1.1" 500 82 "-" "PostmanRuntime/7.29.2"
::1 - - [16/Oct/2022:17:54:01 +0000] "POST /api/v1/messages HTTP/1.1" 500 82 "-" "PostmanRuntime/7.29.2"
::1 - - [16/Oct/2022:17:54:05 +0000] "POST /api/v1/messages HTTP/1.1" 500 82 "-" "PostmanRuntime/7.29.2"
::1 - - [16/Oct/2022:17:54:22 +0000] "POST /api/v1/messages HTTP/1.1" 500 80 "-" "PostmanRuntime/7.29.2"
::1 - - [16/Oct/2022:17:55:07 +0000] "POST /api/v1/messages HTTP/1.1" 400 62 "-" "PostmanRuntime/7.29.2"
::1 - - [16/Oct/2022:17:55:51 +0000] "POST /api/v1/messages HTTP/1.1" 201 194 "-" "PostmanRuntime/7.29.2"
::1 - - [16/Oct/2022:17:55:57 +0000] "GET /api/v1/messages HTTP/1.1" 200 194 "-" "PostmanRuntime/7.29.2"
::1 - - [16/Oct/2022:17:56:12 +0000] "POST /api/v1/messages HTTP/1.1" 201 370 "-" "PostmanRuntime/7.29.2"
::1 - - [16/Oct/2022:17:57:30 +0000] "POST /api/v1/messages HTTP/1.1" 201 199 "-" "PostmanRuntime/7.29.2"
::1 - - [16/Oct/2022:17:59:08 +0000] "GET /api/v1/messages HTTP/1.1" 200 548 "-" "PostmanRuntime/7.29.2"
::1 - - [16/Oct/2022:17:59:31 +0000] "GET /api/v1/messages HTTP/1.1" 200 548 "-" "PostmanRuntime/7.29.2"
::1 - - [16/Oct/2022:17:59:50 +0000] "POST /api/v1/messages HTTP/1.1" 201 196 "-" "PostmanRuntime/7.29.2"
::1 - - [22/Oct/2022:08:34:11 +0000] "POST /api/v1/invitations HTTP/1.1" 404 158 "-" "PostmanRuntime/7.29.2"
::1 - - [22/Oct/2022:08:34:44 +0000] "POST /api/v1/invitations HTTP/1.1" 400 103 "-" "PostmanRuntime/7.29.2"
::1 - - [22/Oct/2022:08:35:03 +0000] "POST /api/v1/invitations HTTP/1.1" 400 55 "-" "PostmanRuntime/7.29.2"
::1 - - [22/Oct/2022:08:35:23 +0000] "POST /api/v1/invitations HTTP/1.1" 400 55 "-" "PostmanRuntime/7.29.2"
::1 - - [22/Oct/2022:08:35:26 +0000] "POST /api/v1/invitations HTTP/1.1" 400 55 "-" "PostmanRuntime/7.29.2"
::1 - - [22/Oct/2022:08:35:26 +0000] "POST /api/v1/invitations HTTP/1.1" 400 55 "-" "PostmanRuntime/7.29.2"
::1 - - [22/Oct/2022:08:35:40 +0000] "POST /api/v1/invitations HTTP/1.1" 400 55 "-" "PostmanRuntime/7.29.2"
::1 - - [22/Oct/2022:08:35:50 +0000] "POST /api/v1/invitations HTTP/1.1" 400 55 "-" "PostmanRuntime/7.29.2"
::1 - - [22/Oct/2022:08:39:51 +0000] "POST /api/v1/invitations HTTP/1.1" 400 55 "-" "PostmanRuntime/7.29.2"
::1 - - [22/Oct/2022:08:39:53 +0000] "POST /api/v1/invitations HTTP/1.1" 400 55 "-" "PostmanRuntime/7.29.2"
::1 - - [22/Oct/2022:08:39:54 +0000] "POST /api/v1/invitations HTTP/1.1" 400 55 "-" "PostmanRuntime/7.29.2"
::1 - - [22/Oct/2022:08:40:09 +0000] "POST /api/v1/invitations HTTP/1.1" 400 55 "-" "PostmanRuntime/7.29.2"
::1 - - [22/Oct/2022:08:41:09 +0000] "POST /api/v1/invitations HTTP/1.1" 500 173 "-" "PostmanRuntime/7.29.2"
::1 - - [22/Oct/2022:08:49:41 +0000] "POST /api/v1/invitations HTTP/1.1" 200 26 "-" "PostmanRuntime/7.29.2"
::1 - - [22/Oct/2022:08:50:27 +0000] "POST /api/v1/invitations HTTP/1.1" 200 26 "-" "PostmanRuntime/7.29.2"
::1 - - [22/Oct/2022:08:50:39 +0000] "POST /api/v1/invitations HTTP/1.1" 200 26 "-" "PostmanRuntime/7.29.2"
::1 - - [22/Oct/2022:08:50:46 +0000] "POST /api/v1/invitations HTTP/1.1" 200 43 "-" "PostmanRuntime/7.29.2"
::1 - - [22/Oct/2022:08:52:15 +0000] "POST /api/v1/invitations HTTP/1.1" 200 43 "-" "PostmanRuntime/7.29.2"
::1 - - [22/Oct/2022:08:52:25 +0000] "POST /api/v1/invitations HTTP/1.1" 200 43 "-" "PostmanRuntime/7.29.2"
::1 - - [22/Oct/2022:08:52:34 +0000] "POST /api/v1/invitations HTTP/1.1" 200 43 "-" "PostmanRuntime/7.29.2"
::1 - - [22/Oct/2022:08:52:41 +0000] "POST /api/v1/invitations HTTP/1.1" 200 43 "-" "PostmanRuntime/7.29.2"
::1 - - [22/Oct/2022:08:53:43 +0000] "POST /api/v1/invitations HTTP/1.1" 200 43 "-" "PostmanRuntime/7.29.2"
::1 - - [22/Oct/2022:08:54:46 +0000] "POST /api/v1/invitations HTTP/1.1" 200 43 "-" "PostmanRuntime/7.29.2"
::1 - - [22/Oct/2022:08:54:59 +0000] "POST /api/v1/invitations HTTP/1.1" 200 43 "-" "PostmanRuntime/7.29.2"
::1 - - [22/Oct/2022:08:56:35 +0000] "POST /api/v1/invitations HTTP/1.1" 200 43 "-" "PostmanRuntime/7.29.2"
::1 - - [22/Oct/2022:08:56:40 +0000] "POST /api/v1/invitations HTTP/1.1" 200 43 "-" "PostmanRuntime/7.29.2"
::1 - - [22/Oct/2022:08:57:31 +0000] "POST /api/v1/invitations HTTP/1.1" 200 43 "-" "PostmanRuntime/7.29.2"
::1 - - [22/Oct/2022:08:57:39 +0000] "POST /api/v1/invitations HTTP/1.1" 200 43 "-" "PostmanRuntime/7.29.2"
::1 - - [22/Oct/2022:08:59:45 +0000] "GET /api/v1/invitations HTTP/1.1" 200 24 "-" "PostmanRuntime/7.29.2"
::1 - - [22/Oct/2022:08:59:49 +0000] "POST /api/v1/invitations HTTP/1.1" 200 43 "-" "PostmanRuntime/7.29.2"
::1 - - [22/Oct/2022:08:59:52 +0000] "GET /api/v1/invitations HTTP/1.1" 200 319 "-" "PostmanRuntime/7.29.2"
::1 - - [22/Oct/2022:09:00:43 +0000] "GET /api/v1/invitations HTTP/1.1" 200 319 "-" "PostmanRuntime/7.29.2"
::1 - - [22/Oct/2022:09:01:01 +0000] "DELETE /api/v1/invitations HTTP/1.1" 200 26 "-" "PostmanRuntime/7.29.2"
::1 - - [22/Oct/2022:09:01:04 +0000] "GET /api/v1/invitations HTTP/1.1" 200 24 "-" "PostmanRuntime/7.29.2"
::1 - - [22/Oct/2022:09:01:08 +0000] "DELETE /api/v1/invitations HTTP/1.1" 200 26 "-" "PostmanRuntime/7.29.2"
::1 - - [22/Oct/2022:09:01:12 +0000] "GET /api/v1/invitations HTTP/1.1" 200 24 "-" "PostmanRuntime/7.29.2"
::1 - - [22/Oct/2022:09:01:14 +0000] "POST /api/v1/invitations HTTP/1.1" 200 43 "-" "PostmanRuntime/7.29.2"
::1 - - [22/Oct/2022:09:01:16 +0000] "GET /api/v1/invitations HTTP/1.1" 200 353 "-" "PostmanRuntime/7.29.2"
::1 - - [22/Oct/2022:09:01:43 +0000] "POST /api/v1/invitations HTTP/1.1" 200 353 "-" "PostmanRuntime/7.29.2"
::1 - - [22/Oct/2022:09:01:46 +0000] "GET /api/v1/invitations HTTP/1.1" 200 683 "-" "PostmanRuntime/7.29.2"
::1 - - [22/Oct/2022:09:02:29 +0000] "DELETE /api/v1/invitations HTTP/1.1" 200 26 "-" "PostmanRuntime/7.29.2"
::1 - - [22/Oct/2022:09:02:31 +0000] "POST /api/v1/invitations HTTP/1.1" 200 893 "-" "PostmanRuntime/7.29.2"
::1 - - [22/Oct/2022:09:02:44 +0000] "GET /api/v1/invitations HTTP/1.1" 200 893 "-" "PostmanRuntime/7.29.2"
::1 - - [22/Oct/2022:09:05:36 +0000] "DELETE /api/v1/invitations HTTP/1.1" 200 26 "-" "PostmanRuntime/7.29.2"
::1 - - [22/Oct/2022:09:05:39 +0000] "GET /api/v1/invitations HTTP/1.1" 200 24 "-" "PostmanRuntime/7.29.2"
::1 - - [22/Oct/2022:09:05:42 +0000] "POST /api/v1/invitations HTTP/1.1" 200 1003 "-" "PostmanRuntime/7.29.2"
::1 - - [22/Oct/2022:09:06:16 +0000] "GET /api/v1/invitations HTTP/1.1" 200 1003 "-" "PostmanRuntime/7.29.2"
::1 - - [22/Oct/2022:12:45:16 +0000] "GET /api/v1/invitations/reza HTTP/1.1" 200 223 "-" "PostmanRuntime/7.29.2"
::1 - - [22/Oct/2022:12:45:21 +0000] "GET /api/v1/invitations/soffi HTTP/1.1" 200 249 "-" "PostmanRuntime/7.29.2"
::1 - - [22/Oct/2022:17:27:02 +0000] "GET /api/v1/invitations HTTP/1.1" 200 24 "-" "PostmanRuntime/7.29.2"
::1 - - [22/Oct/2022:17:27:06 +0000] "POST /api/v1/invitations HTTP/1.1" 400 55 "-" "PostmanRuntime/7.29.2"
::1 - - [22/Oct/2022:17:27:13 +0000] "POST /api/v1/invitations HTTP/1.1" 200 1078 "-" "PostmanRuntime/7.29.2"
::1 - - [22/Oct/2022:17:27:18 +0000] "GET /api/v1/invitations HTTP/1.1" 200 1078 "-" "PostmanRuntime/7.29.2"
::1 - - [22/Oct/2022:17:28:21 +0000] "GET /api/v1/invitations/reza HTTP/1.1" 200 238 "-" "PostmanRuntime/7.29.2"
::1 - - [22/Oct/2022:17:28:27 +0000] "GET /api/v1/invitations HTTP/1.1" 200 1078 "-" "PostmanRuntime/7.29.2"
::1 - - [22/Oct/2022:17:28:32 +0000] "POST /api/v1/invitations/635427f1f31924940967af2f HTTP/1.1" 500 117 "-" "PostmanRuntime/7.29.2"
::1 - - [22/Oct/2022:17:29:40 +0000] "POST /api/v1/invitations/635427f1f31924940967af2f HTTP/1.1" 200 114 "-" "PostmanRuntime/7.29.2"
::1 - - [22/Oct/2022:17:29:45 +0000] "POST /api/v1/invitations/635427f1f31924940967af2f HTTP/1.1" 200 114 "-" "PostmanRuntime/7.29.2"
::1 - - [22/Oct/2022:17:29:48 +0000] "GET /api/v1/invitations HTTP/1.1" 200 1077 "-" "PostmanRuntime/7.29.2"
::1 - - [22/Oct/2022:17:29:54 +0000] "POST /api/v1/invitations/635427f1f31924940967af32 HTTP/1.1" 200 114 "-" "PostmanRuntime/7.29.2"
::1 - - [22/Oct/2022:17:29:56 +0000] "GET /api/v1/invitations HTTP/1.1" 200 1076 "-" "PostmanRuntime/7.29.2"
